info it worked if it ends with ok
verbose cli [ 'node', '/usr/bin/npm', 'install', '-g', 'grunt-cli' ]
info using npm@1.1.4
info using node@v0.6.12
verbose config file /home/devl/.npmrc
verbose config file /usr/etc/npmrc
verbose config file /usr/share/npm/npmrc
verbose cache add [ 'grunt-cli', null ]
silly cache add: name, spec, args [ undefined, 'grunt-cli', [ 'grunt-cli', null ] ]
verbose parsed url { pathname: 'grunt-cli', path: 'grunt-cli', href: 'grunt-cli' }
verbose addNamed [ 'grunt-cli', '' ]
verbose addNamed [ null, '' ]
silly name, range, hasData [ 'grunt-cli', '', false ]
verbose raw, before any munging grunt-cli
verbose url resolving [ 'http://registry.npmjs.org/', './grunt-cli' ]
verbose url resolved http://registry.npmjs.org/grunt-cli
http GET http://registry.npmjs.org/grunt-cli
http 200 http://registry.npmjs.org/grunt-cli
silly get cb [ 200,
silly get cb   { server: 'CouchDB/1.5.0 (Erlang OTP/R16B03)',
silly get cb     etag: '"7XIL8LLF4UT0FTQYZBA8QKUJ4"',
silly get cb     'content-type': 'application/json',
silly get cb     'cache-control': 'max-age=60',
silly get cb     'content-length': '20577',
silly get cb     'accept-ranges': 'bytes',
silly get cb     date: 'Fri, 27 Mar 2015 01:17:19 GMT',
silly get cb     via: '1.1 varnish',
silly get cb     age: '51',
silly get cb     connection: 'keep-alive',
silly get cb     'x-served-by': 'cache-dfw1821-DFW',
silly get cb     'x-cache': 'HIT',
silly get cb     'x-cache-hits': '1',
silly get cb     'x-timer': 'S1427419039.371531,VS0,VE0',
silly get cb     vary: 'Accept' } ]
verbose mkdir (expected) error ENOENT, no such file or directory '/home/devl/.npm'
verbose mkdir (expected) error ENOENT, no such file or directory '/home/devl/.npm/grunt-cli'
verbose mkdir done: /home/devl/.npm/grunt-cli 755
silly name, range, hasData 2 [ 'grunt-cli', '', true ]
silly versions [ 'grunt-cli', [] ]
ERR! Error: No compatible version found: grunt-cli
ERR! No valid targets found.
ERR! Perhaps not compatible with your version of node?
ERR!     at installTargetsError (/usr/share/npm/lib/cache.js:488:10)
ERR!     at next_ (/usr/share/npm/lib/cache.js:438:17)
ERR!     at next (/usr/share/npm/lib/cache.js:415:44)
ERR!     at /usr/share/npm/lib/cache.js:408:5
ERR!     at saved (/usr/share/npm/lib/utils/npm-registry-client/get.js:147:7)
ERR!     at Object.oncomplete (/usr/lib/nodejs/graceful-fs.js:230:7)
ERR! You may report this log at:
ERR!     <http://bugs.debian.org/npm>
ERR! or use
ERR!     reportbug --attach /home/devl/devl/repos/git/claims-estimator/claims-estimator-mvc/src/main/resources/bootstrap/npm-debug.log npm
ERR! 
ERR! System Linux 3.8.0-32-generic
ERR! command "node" "/usr/bin/npm" "install" "-g" "grunt-cli"
ERR! cwd /home/devl/devl/repos/git/claims-estimator/claims-estimator-mvc/src/main/resources/bootstrap
ERR! node -v v0.6.12
ERR! npm -v 1.1.4
ERR! message No compatible version found: grunt-cli
ERR! message No valid targets found.
ERR! message Perhaps not compatible with your version of node?
verbose exit [ 1, true ]
